<?xml version="1.0" encoding="UTF-8"?>
<testsuite xmlns:xsi="http://www.w3.org/2001/XMLSchema-instance" xsi:noNamespaceSchemaLocation="https://maven.apache.org/surefire/maven-surefire-plugin/xsd/surefire-test-report-3.0.xsd" version="3.0" name="com.gildedrose.GildedRoseTest" time="0.033" tests="12" errors="0" skipped="0" failures="0">
  <properties>
[...]
</properties>
  <testcase name="agedBrieIncreasesQualityTest" classname="com.gildedrose.GildedRoseTest" time="0.012"/>
  <testcase name="negativeQualityTestTest" classname="com.gildedrose.GildedRoseTest" time="0.002"/>
  <testcase name="backstageIncreaseQualityFasterBetween10And2SellInTest" classname="com.gildedrose.GildedRoseTest" time="0.001"/>
  <testcase name="legendaryItemBehaviourTest" classname="com.gildedrose.GildedRoseTest" time="0.001"/>
  <testcase name="backstageIncreaseQualityWith5SellInTest" classname="com.gildedrose.GildedRoseTest" time="0.001"/>
  <testcase name="qualityDegradationNegativeSellInConjuredTest" classname="com.gildedrose.GildedRoseTest" time="0"/>
  <testcase name="backstagePassQualityDropAfterSellInTest" classname="com.gildedrose.GildedRoseTest" time="0"/>
  <testcase name="qualityDegradationPositiveSellInNormalTest" classname="com.gildedrose.GildedRoseTest" time="0"/>
  <testcase name="qualityNotHigherThanFiftyTest" classname="com.gildedrose.GildedRoseTest" time="0.001"/>
  <testcase name="qualityDegradationPositiveSellInConjuredTest" classname="com.gildedrose.GildedRoseTest" time="0.001"/>
  <testcase name="backstageIncreaseQualityTest" classname="com.gildedrose.GildedRoseTest" time="0.001"/>
  <testcase name="qualityDegradationNegativeSellInNormalTest" classname="com.gildedrose.GildedRoseTest" time="0"/>
</testsuite>